{"name": "Проверка увеличения счётчика заказов за сегодня", "status": "broken", "statusDetails": {"message": "selenium.common.exceptions.TimeoutException: Message:", "trace": "self = <test_orders_feed.TestOrdersFeed object at 0x102fb0b90>, driver = <selenium.webdriver.firefox.webdriver.WebDriver (session=\"2fd12973-adc0-4300-842f-24a3d58e8aa6\")>\napi_user = {'access_token': 'Bearer eyJhbGciOiJIUzI1NiIsInR5cCI6IkpXVCJ9.eyJpZCI6IjY4MmI3ZmI2OWVkMjgwMDAxYjVmMmUxMCIsImlhdCI6MTc0...kuWcHF08IlO3sZNPbZJtFuEsv4c0Zd8', 'email': 'user1747681206111@test.com', 'name': 'TestUser7986', 'password': 'Test123'}\n\n    @allure.title(\"Проверка увеличения счётчика заказов за сегодня\")\n    def test_counter_today(self, driver, api_user):\n        page = OrdersFeed(driver)\n    \n        page.open_login_form()\n        page.enter_email(api_user[\"email\"])\n        page.enter_password(api_user[\"password\"])\n        page.click_order_feed_button()\n    \n        count_before = page.get_complate_order_today()\n        create_order_and_get_number(api_user[\"access_token\"])\n>       page.wait_for_today_counter_to_increase(count_before)\n\ntests/test_orders_feed.py:64: \n_ _ _ _ _ _ _ _ _ _ _ _ _ _ _ _ _ _ _ _ _ _ _ _ _ _ _ _ _ _ _ _ _ _ _ _ _ _ _ _ _ _ _ _ _ _ _ _ _ _ _ _ _ _ _ _ _ _ _ _ _ _ _ _ _ _ _ _ _ _ _ _ _ _ _ _ _ _ _ _ _ _ _ _ _ _ _ _ _ _ _ _ _ _ _ _ _ _ _ _ _ _ _ _ \npages/orders_feed_page.py:96: in wait_for_today_counter_to_increase\n    self.wait_until(counter_updated, timeout)\npages/base_page.py:49: in wait_until\n    return WebDriverWait(self.driver, timeout).until(condition)\n_ _ _ _ _ _ _ _ _ _ _ _ _ _ _ _ _ _ _ _ _ _ _ _ _ _ _ _ _ _ _ _ _ _ _ _ _ _ _ _ _ _ _ _ _ _ _ _ _ _ _ _ _ _ _ _ _ _ _ _ _ _ _ _ _ _ _ _ _ _ _ _ _ _ _ _ _ _ _ _ _ _ _ _ _ _ _ _ _ _ _ _ _ _ _ _ _ _ _ _ _ _ _ _ \n\nself = <selenium.webdriver.support.wait.WebDriverWait (session=\"2fd12973-adc0-4300-842f-24a3d58e8aa6\")>\nmethod = <function OrdersFeed.wait_for_today_counter_to_increase.<locals>.counter_updated at 0x10305aca0>, message = ''\n\n    def until(self, method: Callable[[D], Union[Literal[False], T]], message: str = \"\") -> T:\n        \"\"\"Wait until the method returns a value that is not False.\n    \n        Calls the method provided with the driver as an argument until the\n        return value does not evaluate to ``False``.\n    \n        Parameters:\n        -----------\n        method: callable(WebDriver)\n            - A callable object that takes a WebDriver instance as an argument.\n    \n        message: str\n            - Optional message for :exc:`TimeoutException`\n    \n        Return:\n        -------\n        object: T\n            - The result of the last call to `method`\n    \n        Raises:\n        -------\n        TimeoutException\n            - If 'method' does not return a truthy value within the WebDriverWait\n            object's timeout\n    \n        Example:\n        --------\n        >>> from selenium.webdriver.common.by import By\n        >>> from selenium.webdriver.support.ui import WebDriverWait\n        >>> from selenium.webdriver.support import expected_conditions as EC\n    \n        # Wait until an element is visible on the page\n        >>> wait = WebDriverWait(driver, 10)\n        >>> element = wait.until(EC.visibility_of_element_located((By.ID, \"exampleId\")))\n        >>> print(element.text)\n        \"\"\"\n        screen = None\n        stacktrace = None\n    \n        end_time = time.monotonic() + self._timeout\n        while True:\n            try:\n                value = method(self._driver)\n                if value:\n                    return value\n            except self._ignored_exceptions as exc:\n                screen = getattr(exc, \"screen\", None)\n                stacktrace = getattr(exc, \"stacktrace\", None)\n            if time.monotonic() > end_time:\n                break\n            time.sleep(self._poll)\n>       raise TimeoutException(message, screen, stacktrace)\nE       selenium.common.exceptions.TimeoutException: Message:\n\nvenv/lib/python3.12/site-packages/selenium/webdriver/support/wait.py:146: TimeoutException"}, "steps": [{"name": "Открыть форму входа (страницу логина)", "status": "passed", "start": 1747681207332, "stop": 1747681210353}, {"name": "Ввести email", "status": "passed", "parameters": [{"name": "email", "value": "'user1747681206111@test.com'"}], "start": 1747681210353, "stop": 1747681210405}, {"name": "Ввести пароль", "status": "passed", "parameters": [{"name": "password", "value": "'Test123'"}], "start": 1747681210405, "stop": 1747681210419}, {"name": "Клик по кнопке 'Лента заказов'", "status": "passed", "start": 1747681210419, "stop": 1747681210651}, {"name": "Получение количества заказов за сегодня", "status": "passed", "start": 1747681210651, "stop": 1747681211931}, {"name": "Создание заказа и получение номера", "status": "passed", "parameters": [{"name": "token", "value": "'Bearer eyJhbGciOiJIUzI1NiIsInR5cCI6IkpXVCJ9.eyJpZCI6IjY4MmI3ZmI2OWVkMjgwMDAxYjVmMmUxMCIsImlhdCI6MTc0NzY4MTIwNywiZXhwIjoxNzQ3NjgyNDA3fQ.lMITTxwMpJylkuWcHF08IlO3sZNPbZJtFuEsv4c0Zd8'"}], "start": 1747681211931, "stop": 1747681215424}, {"name": "Ожидание увеличения счётчика заказов за сегодня", "status": "broken", "statusDetails": {"message": "selenium.common.exceptions.TimeoutException: Message: \n\n", "trace": "  File \"/Users/philippaslapov/PycharmProjects/Diplom_3/venv/lib/python3.12/site-packages/allure_commons/_allure.py\", line 202, in impl\n    return func(*a, **kw)\n           ^^^^^^^^^^^^^^\n  File \"/Users/philippaslapov/PycharmProjects/Diplom_3/pages/orders_feed_page.py\", line 96, in wait_for_today_counter_to_increase\n    self.wait_until(counter_updated, timeout)\n  File \"/Users/philippaslapov/PycharmProjects/Diplom_3/pages/base_page.py\", line 49, in wait_until\n    return WebDriverWait(self.driver, timeout).until(condition)\n           ^^^^^^^^^^^^^^^^^^^^^^^^^^^^^^^^^^^^^^^^^^^^^^^^^^^^\n  File \"/Users/philippaslapov/PycharmProjects/Diplom_3/venv/lib/python3.12/site-packages/selenium/webdriver/support/wait.py\", line 146, in until\n    raise TimeoutException(message, screen, stacktrace)\n"}, "steps": [{"name": "Получение количества заказов за сегодня", "status": "passed", "start": 1747681215424, "stop": 1747681215445}, {"name": "Получение количества заказов за сегодня", "status": "passed", "start": 1747681215951, "stop": 1747681215972}, {"name": "Получение количества заказов за сегодня", "status": "passed", "start": 1747681216477, "stop": 1747681216498}, {"name": "Получение количества заказов за сегодня", "status": "passed", "start": 1747681217004, "stop": 1747681217026}, {"name": "Получение количества заказов за сегодня", "status": "passed", "start": 1747681217532, "stop": 1747681217553}, {"name": "Получение количества заказов за сегодня", "status": "passed", "start": 1747681218058, "stop": 1747681218080}, {"name": "Получение количества заказов за сегодня", "status": "passed", "start": 1747681218585, "stop": 1747681218592}, {"name": "Получение количества заказов за сегодня", "status": "passed", "start": 1747681219098, "stop": 1747681219117}, {"name": "Получение количества заказов за сегодня", "status": "passed", "start": 1747681219622, "stop": 1747681219643}, {"name": "Получение количества заказов за сегодня", "status": "passed", "start": 1747681220148, "stop": 1747681220168}, {"name": "Получение количества заказов за сегодня", "status": "passed", "start": 1747681220673, "stop": 1747681220693}, {"name": "Получение количества заказов за сегодня", "status": "passed", "start": 1747681221199, "stop": 1747681221222}, {"name": "Получение количества заказов за сегодня", "status": "passed", "start": 1747681221727, "stop": 1747681221746}, {"name": "Получение количества заказов за сегодня", "status": "passed", "start": 1747681222251, "stop": 1747681222270}, {"name": "Получение количества заказов за сегодня", "status": "passed", "start": 1747681222775, "stop": 1747681222795}, {"name": "Получение количества заказов за сегодня", "status": "passed", "start": 1747681223301, "stop": 1747681223322}, {"name": "Получение количества заказов за сегодня", "status": "passed", "start": 1747681223827, "stop": 1747681223850}, {"name": "Получение количества заказов за сегодня", "status": "passed", "start": 1747681224356, "stop": 1747681224374}, {"name": "Получение количества заказов за сегодня", "status": "passed", "start": 1747681224879, "stop": 1747681224891}, {"name": "Получение количества заказов за сегодня", "status": "passed", "start": 1747681225397, "stop": 1747681225416}, {"name": "Получение количества заказов за сегодня", "status": "passed", "start": 1747681225921, "stop": 1747681225934}], "parameters": [{"name": "previous_count", "value": "434"}, {"name": "timeout", "value": "10"}], "start": 1747681215424, "stop": 1747681225934}], "parameters": [{"name": "driver", "value": "'firefox'"}], "start": 1747681207331, "stop": 1747681225934, "uuid": "8f5547c8-09da-4582-838a-ca2400d9e6a5", "historyId": "da6e5b19b16fe8d4d238b2b4b4bcb463", "testCaseId": "09eadb6a12769a4b55d01b26714d0226", "fullName": "tests.test_orders_feed.TestOrdersFeed#test_counter_today", "labels": [{"name": "parentSuite", "value": "tests"}, {"name": "suite", "value": "test_orders_feed"}, {"name": "subSuite", "value": "TestOrdersFeed"}, {"name": "host", "value": "MacBook-Pro-Filipp-2.local"}, {"name": "thread", "value": "47143-MainThread"}, {"name": "framework", "value": "pytest"}, {"name": "language", "value": "cpython3"}, {"name": "package", "value": "tests.test_orders_feed"}]}