{"name": "Выход из личного кабинета", "status": "broken", "statusDetails": {"message": "selenium.common.exceptions.TimeoutException: Message: \nStacktrace:\n0   chromedriver                        0x00000001051bc3bc cxxbridge1$str$ptr + 2829900\n1   chromedriver                        0x00000001051b4684 cxxbridge1$str$ptr + 2797844\n2   chromedriver                        0x0000000104cf1fbc cxxbridge1$string$len + 90140\n3   chromedriver                        0x0000000104d391bc cxxbridge1$string$len + 381468\n4   chromedriver                        0x0000000104d7a044 cxxbridge1$string$len + 647332\n5   chromedriver                        0x0000000104d2d3f8 cxxbridge1$string$len + 332888\n6   chromedriver                        0x00000001051807e0 cxxbridge1$str$ptr + 2585200\n7   chromedriver                        0x0000000105183ab0 cxxbridge1$str$ptr + 2598208\n8   chromedriver                        0x0000000105161db4 cxxbridge1$str$ptr + 2459716\n9   chromedriver                        0x0000000105184328 cxxbridge1$str$ptr + 2600376\n10  chromedriver                        0x0000000105153640 cxxbridge1$str$ptr + 2400464\n11  chromedriver                        0x00000001051a428c cxxbridge1$str$ptr + 2731292\n12  chromedriver                        0x00000001051a4418 cxxbridge1$str$ptr + 2731688\n13  chromedriver                        0x00000001051b42d0 cxxbridge1$str$ptr + 2796896\n14  libsystem_pthread.dylib             0x0000000187092034 _pthread_start + 136\n15  libsystem_pthread.dylib             0x000000018708ce3c thread_start + 8", "trace": "self = <test_personal_account.TestPersonalAccount object at 0x102fb2180>, driver = <selenium.webdriver.chrome.webdriver.WebDriver (session=\"f0318659cc72c8529d4e882e7ed7d97a\")>\napi_user = {'access_token': 'Bearer eyJhbGciOiJIUzI1NiIsInR5cCI6IkpXVCJ9.eyJpZCI6IjY4MmI4MDA1OWVkMjgwMDAxYjVmMmUyZiIsImlhdCI6MTc0...imJmns4XmS5X3a62UBJcX6HqKxpxHng', 'email': 'user1747681284422@test.com', 'name': 'TestUser9678', 'password': 'Test123'}\n\n    @allure.title(\"Выход из личного кабинета\")\n    def test_log_out(self, driver, api_user):\n        page = PersonalAccount(driver)\n        page.open_main_page()\n        page.click_button_personal_account()\n        page.enter_email(api_user[\"email\"])\n        page.enter_password(api_user[\"password\"])\n        page.click_login_button()\n        page.click_button_personal_account()\n>       page.click_log_out_button()\n\ntests/test_personal_account.py:40: \n_ _ _ _ _ _ _ _ _ _ _ _ _ _ _ _ _ _ _ _ _ _ _ _ _ _ _ _ _ _ _ _ _ _ _ _ _ _ _ _ _ _ _ _ _ _ _ _ _ _ _ _ _ _ _ _ _ _ _ _ _ _ _ _ _ _ _ _ _ _ _ _ _ _ _ _ _ _ _ _ _ _ _ _ _ _ _ _ _ _ _ _ _ _ _ _ _ _ _ _ _ _ _ _ \npages/personal_account_page.py:55: in click_log_out_button\n    self.wait_for_element_visible(LOGOUT_BUTTON)\npages/base_page.py:25: in wait_for_element_visible\n    return self.wait.until(EC.visibility_of_element_located(locator))\n_ _ _ _ _ _ _ _ _ _ _ _ _ _ _ _ _ _ _ _ _ _ _ _ _ _ _ _ _ _ _ _ _ _ _ _ _ _ _ _ _ _ _ _ _ _ _ _ _ _ _ _ _ _ _ _ _ _ _ _ _ _ _ _ _ _ _ _ _ _ _ _ _ _ _ _ _ _ _ _ _ _ _ _ _ _ _ _ _ _ _ _ _ _ _ _ _ _ _ _ _ _ _ _ \n\nself = <selenium.webdriver.support.wait.WebDriverWait (session=\"f0318659cc72c8529d4e882e7ed7d97a\")>, method = <function visibility_of_element_located.<locals>._predicate at 0x103059260>, message = ''\n\n    def until(self, method: Callable[[D], Union[Literal[False], T]], message: str = \"\") -> T:\n        \"\"\"Wait until the method returns a value that is not False.\n    \n        Calls the method provided with the driver as an argument until the\n        return value does not evaluate to ``False``.\n    \n        Parameters:\n        -----------\n        method: callable(WebDriver)\n            - A callable object that takes a WebDriver instance as an argument.\n    \n        message: str\n            - Optional message for :exc:`TimeoutException`\n    \n        Return:\n        -------\n        object: T\n            - The result of the last call to `method`\n    \n        Raises:\n        -------\n        TimeoutException\n            - If 'method' does not return a truthy value within the WebDriverWait\n            object's timeout\n    \n        Example:\n        --------\n        >>> from selenium.webdriver.common.by import By\n        >>> from selenium.webdriver.support.ui import WebDriverWait\n        >>> from selenium.webdriver.support import expected_conditions as EC\n    \n        # Wait until an element is visible on the page\n        >>> wait = WebDriverWait(driver, 10)\n        >>> element = wait.until(EC.visibility_of_element_located((By.ID, \"exampleId\")))\n        >>> print(element.text)\n        \"\"\"\n        screen = None\n        stacktrace = None\n    \n        end_time = time.monotonic() + self._timeout\n        while True:\n            try:\n                value = method(self._driver)\n                if value:\n                    return value\n            except self._ignored_exceptions as exc:\n                screen = getattr(exc, \"screen\", None)\n                stacktrace = getattr(exc, \"stacktrace\", None)\n            if time.monotonic() > end_time:\n                break\n            time.sleep(self._poll)\n>       raise TimeoutException(message, screen, stacktrace)\nE       selenium.common.exceptions.TimeoutException: Message: \nE       Stacktrace:\nE       0   chromedriver                        0x00000001051bc3bc cxxbridge1$str$ptr + 2829900\nE       1   chromedriver                        0x00000001051b4684 cxxbridge1$str$ptr + 2797844\nE       2   chromedriver                        0x0000000104cf1fbc cxxbridge1$string$len + 90140\nE       3   chromedriver                        0x0000000104d391bc cxxbridge1$string$len + 381468\nE       4   chromedriver                        0x0000000104d7a044 cxxbridge1$string$len + 647332\nE       5   chromedriver                        0x0000000104d2d3f8 cxxbridge1$string$len + 332888\nE       6   chromedriver                        0x00000001051807e0 cxxbridge1$str$ptr + 2585200\nE       7   chromedriver                        0x0000000105183ab0 cxxbridge1$str$ptr + 2598208\nE       8   chromedriver                        0x0000000105161db4 cxxbridge1$str$ptr + 2459716\nE       9   chromedriver                        0x0000000105184328 cxxbridge1$str$ptr + 2600376\nE       10  chromedriver                        0x0000000105153640 cxxbridge1$str$ptr + 2400464\nE       11  chromedriver                        0x00000001051a428c cxxbridge1$str$ptr + 2731292\nE       12  chromedriver                        0x00000001051a4418 cxxbridge1$str$ptr + 2731688\nE       13  chromedriver                        0x00000001051b42d0 cxxbridge1$str$ptr + 2796896\nE       14  libsystem_pthread.dylib             0x0000000187092034 _pthread_start + 136\nE       15  libsystem_pthread.dylib             0x000000018708ce3c thread_start + 8\n\nvenv/lib/python3.12/site-packages/selenium/webdriver/support/wait.py:146: TimeoutException"}, "steps": [{"name": "Открыть главную страницу", "status": "passed", "start": 1747681285556, "stop": 1747681289760}, {"name": "Клик по кнопке 'Личный Кабинет'", "status": "passed", "start": 1747681289760, "stop": 1747681289837}, {"name": "Ввести email", "status": "passed", "parameters": [{"name": "email", "value": "'user1747681284422@test.com'"}], "start": 1747681289837, "stop": 1747681289907}, {"name": "Ввести пароль", "status": "passed", "parameters": [{"name": "password", "value": "'Test123'"}], "start": 1747681289907, "stop": 1747681289937}, {"name": "Нажать кнопку 'Войти'", "status": "passed", "start": 1747681289937, "stop": 1747681289963}, {"name": "Клик по кнопке 'Личный Кабинет'", "status": "passed", "start": 1747681289963, "stop": 1747681289998}, {"name": "Нажать кнопку 'Выход'", "status": "broken", "statusDetails": {"message": "selenium.common.exceptions.TimeoutException: Message: \nStacktrace:\n0   chromedriver                        0x00000001051bc3bc cxxbridge1$str$ptr + 2829900\n1   chromedriver                        0x00000001051b4684 cxxbridge1$str$ptr + 2797844\n2   chromedriver                        0x0000000104cf1fbc cxxbridge1$string$len + 90140\n3   chromedriver                        0x0000000104d391bc cxxbridge1$string$len + 381468\n4   chromedriver                        0x0000000104d7a044 cxxbridge1$string$len + 647332\n5   chromedriver                        0x0000000104d2d3f8 cxxbridge1$string$len + 332888\n6   chromedriver                        0x00000001051807e0 cxxbridge1$str$ptr + 2585200\n7   chromedriver                        0x0000000105183ab0 cxxbridge1$str$ptr + 2598208\n8   chromedriver                        0x0000000105161db4 cxxbridge1$str$ptr + 2459716\n9   chromedriver                        0x0000000105184328 cxxbridge1$str$ptr + 2600376\n10  chromedriver                        0x0000000105153640 cxxbridge1$str$ptr + 2400464\n11  chromedriver                        0x00000001051a428c cxxbridge1$str$ptr + 2731292\n12  chromedriver                        0x00000001051a4418 cxxbridge1$str$ptr + 2731688\n13  chromedriver                        0x00000001051b42d0 cxxbridge1$str$ptr + 2796896\n14  libsystem_pthread.dylib             0x0000000187092034 _pthread_start + 136\n15  libsystem_pthread.dylib             0x000000018708ce3c thread_start + 8\n\n", "trace": "  File \"/Users/philippaslapov/PycharmProjects/Diplom_3/venv/lib/python3.12/site-packages/allure_commons/_allure.py\", line 202, in impl\n    return func(*a, **kw)\n           ^^^^^^^^^^^^^^\n  File \"/Users/philippaslapov/PycharmProjects/Diplom_3/pages/personal_account_page.py\", line 55, in click_log_out_button\n    self.wait_for_element_visible(LOGOUT_BUTTON)\n  File \"/Users/philippaslapov/PycharmProjects/Diplom_3/pages/base_page.py\", line 25, in wait_for_element_visible\n    return self.wait.until(EC.visibility_of_element_located(locator))\n           ^^^^^^^^^^^^^^^^^^^^^^^^^^^^^^^^^^^^^^^^^^^^^^^^^^^^^^^^^^\n  File \"/Users/philippaslapov/PycharmProjects/Diplom_3/venv/lib/python3.12/site-packages/selenium/webdriver/support/wait.py\", line 146, in until\n    raise TimeoutException(message, screen, stacktrace)\n"}, "start": 1747681289998, "stop": 1747681295021}], "parameters": [{"name": "driver", "value": "'chrome'"}], "start": 1747681285556, "stop": 1747681295021, "uuid": "dea33946-64ac-4105-8256-c9bc69b2a9ef", "historyId": "2e4de368757083db6d551c896ad84996", "testCaseId": "a5488c7d18fd1b1180d71520dc6e20b7", "fullName": "tests.test_personal_account.TestPersonalAccount#test_log_out", "labels": [{"name": "feature", "value": "Личный кабинет"}, {"name": "parentSuite", "value": "tests"}, {"name": "suite", "value": "test_personal_account"}, {"name": "subSuite", "value": "TestPersonalAccount"}, {"name": "host", "value": "MacBook-Pro-Filipp-2.local"}, {"name": "thread", "value": "47143-MainThread"}, {"name": "framework", "value": "pytest"}, {"name": "language", "value": "cpython3"}, {"name": "package", "value": "tests.test_personal_account"}]}